<?xml version="1.0" encoding="UTF-8" ?>
<testsuite tests="36" failures="0" name="br.com.banco.bajax.runners.RunnerClienteTest" time="0.061" errors="18" skipped="18">
  <properties>
[...]
</properties>
  <testcase classname="deve criar cliente com sucesso" name="que crio um cliente válido" time="0.037">
    <error message="The step &apos;que crio um cliente válido&apos; and 2 other step(s) are undefined.
You can implement these steps using the snippet(s) below:

@Dado(&quot;que crio um cliente válido&quot;)
public void queCrioUmClienteVálido() {
    // Write code here that turns the phrase above into concrete actions
    throw new io.cucumber.java.PendingException();
}
@Quando(&quot;imprimir o cliente&quot;)
public void imprimirOCliente() {
    // Write code here that turns the phrase above into concrete actions
    throw new io.cucumber.java.PendingException();
}
@Então(&quot;as informações sobre ele são exibidas&quot;)
public void asInformaçõesSobreEleSãoExibidas() {
    // Write code here that turns the phrase above into concrete actions
    throw new io.cucumber.java.PendingException();
}
" type="io.cucumber.junit.UndefinedStepException">io.cucumber.junit.UndefinedStepException: The step &apos;que crio um cliente válido&apos; and 2 other step(s) are undefined.
You can implement these steps using the snippet(s) below:

@Dado(&quot;que crio um cliente válido&quot;)
public void queCrioUmClienteVálido() {
    // Write code here that turns the phrase above into concrete actions
    throw new io.cucumber.java.PendingException();
}
@Quando(&quot;imprimir o cliente&quot;)
public void imprimirOCliente() {
    // Write code here that turns the phrase above into concrete actions
    throw new io.cucumber.java.PendingException();
}
@Então(&quot;as informações sobre ele são exibidas&quot;)
public void asInformaçõesSobreEleSãoExibidas() {
    // Write code here that turns the phrase above into concrete actions
    throw new io.cucumber.java.PendingException();
}

</error>
    <system-out>
Cenário: deve criar cliente com sucesso       # src/test/resources/features/cadastrar_cliente.feature:8
</system-out>
  </testcase>
  <testcase classname="deve criar cliente com sucesso" name="imprimir o cliente" time="0.001">
    <skipped/>
    <system-out>  Dado que crio um cliente válido
</system-out>
  </testcase>
  <testcase classname="deve criar cliente com sucesso" name="as informações sobre ele são exibidas" time="0">
    <skipped/>
    <system-out>  Quando imprimir o cliente
</system-out>
  </testcase>
  <testcase classname="deve criar cliente com sucesso" name="deve criar cliente com sucesso" time="0.004">
    <error message="The step &apos;que crio um cliente válido&apos; and 2 other step(s) are undefined.
You can implement these steps using the snippet(s) below:

@Dado(&quot;que crio um cliente válido&quot;)
public void queCrioUmClienteVálido() {
    // Write code here that turns the phrase above into concrete actions
    throw new io.cucumber.java.PendingException();
}
@Quando(&quot;imprimir o cliente&quot;)
public void imprimirOCliente() {
    // Write code here that turns the phrase above into concrete actions
    throw new io.cucumber.java.PendingException();
}
@Então(&quot;as informações sobre ele são exibidas&quot;)
public void asInformaçõesSobreEleSãoExibidas() {
    // Write code here that turns the phrase above into concrete actions
    throw new io.cucumber.java.PendingException();
}
" type="io.cucumber.junit.UndefinedStepException">io.cucumber.junit.UndefinedStepException: The step &apos;que crio um cliente válido&apos; and 2 other step(s) are undefined.
You can implement these steps using the snippet(s) below:

@Dado(&quot;que crio um cliente válido&quot;)
public void queCrioUmClienteVálido() {
    // Write code here that turns the phrase above into concrete actions
    throw new io.cucumber.java.PendingException();
}
@Quando(&quot;imprimir o cliente&quot;)
public void imprimirOCliente() {
    // Write code here that turns the phrase above into concrete actions
    throw new io.cucumber.java.PendingException();
}
@Então(&quot;as informações sobre ele são exibidas&quot;)
public void asInformaçõesSobreEleSãoExibidas() {
    // Write code here that turns the phrase above into concrete actions
    throw new io.cucumber.java.PendingException();
}

</error>
    <system-out>  Então as informações sobre ele são exibidas
</system-out>
  </testcase>
  <testcase classname="cliente inválido campos obrigatórios nulos #1" name="que desejo criar um cliente" time="0.002">
    <error message="The step &apos;que desejo criar um cliente&apos; and 2 other step(s) are undefined.
You can implement these steps using the snippet(s) below:

@Dado(&quot;que desejo criar um cliente&quot;)
public void queDesejoCriarUmCliente() {
    // Write code here that turns the phrase above into concrete actions
    throw new io.cucumber.java.PendingException();
}
@Quando(&quot;adiciono o {string} como nulo&quot;)
public void adicionoOComoNulo(String string) {
    // Write code here that turns the phrase above into concrete actions
    throw new io.cucumber.java.PendingException();
}
@Então(&quot;recebo a mensagem de erro {string}&quot;)
public void receboAMensagemDeErro(String string) {
    // Write code here that turns the phrase above into concrete actions
    throw new io.cucumber.java.PendingException();
}
" type="io.cucumber.junit.UndefinedStepException">io.cucumber.junit.UndefinedStepException: The step &apos;que desejo criar um cliente&apos; and 2 other step(s) are undefined.
You can implement these steps using the snippet(s) below:

@Dado(&quot;que desejo criar um cliente&quot;)
public void queDesejoCriarUmCliente() {
    // Write code here that turns the phrase above into concrete actions
    throw new io.cucumber.java.PendingException();
}
@Quando(&quot;adiciono o {string} como nulo&quot;)
public void adicionoOComoNulo(String string) {
    // Write code here that turns the phrase above into concrete actions
    throw new io.cucumber.java.PendingException();
}
@Então(&quot;recebo a mensagem de erro {string}&quot;)
public void receboAMensagemDeErro(String string) {
    // Write code here that turns the phrase above into concrete actions
    throw new io.cucumber.java.PendingException();
}

</error>
    <system-out>
Esquema do Cenário: cliente inválido campos obrigatórios nulos # src/test/resources/features/cadastrar_cliente.feature:20
</system-out>
  </testcase>
  <testcase classname="cliente inválido campos obrigatórios nulos #1" name="adiciono o &quot;nome&quot; como nulo" time="0">
    <skipped/>
    <system-out>  Dado que desejo criar um cliente
</system-out>
  </testcase>
  <testcase classname="cliente inválido campos obrigatórios nulos #1" name="recebo a mensagem de erro &quot;Dados inválidos!&quot;" time="0">
    <skipped/>
    <system-out>  Quando adiciono o &quot;nome&quot; como nulo
</system-out>
  </testcase>
  <testcase classname="cliente inválido campos obrigatórios nulos #1" name="cliente inválido campos obrigatórios nulos #1" time="0.002">
    <error message="The step &apos;que desejo criar um cliente&apos; and 2 other step(s) are undefined.
You can implement these steps using the snippet(s) below:

@Dado(&quot;que desejo criar um cliente&quot;)
public void queDesejoCriarUmCliente() {
    // Write code here that turns the phrase above into concrete actions
    throw new io.cucumber.java.PendingException();
}
@Quando(&quot;adiciono o {string} como nulo&quot;)
public void adicionoOComoNulo(String string) {
    // Write code here that turns the phrase above into concrete actions
    throw new io.cucumber.java.PendingException();
}
@Então(&quot;recebo a mensagem de erro {string}&quot;)
public void receboAMensagemDeErro(String string) {
    // Write code here that turns the phrase above into concrete actions
    throw new io.cucumber.java.PendingException();
}
" type="io.cucumber.junit.UndefinedStepException">io.cucumber.junit.UndefinedStepException: The step &apos;que desejo criar um cliente&apos; and 2 other step(s) are undefined.
You can implement these steps using the snippet(s) below:

@Dado(&quot;que desejo criar um cliente&quot;)
public void queDesejoCriarUmCliente() {
    // Write code here that turns the phrase above into concrete actions
    throw new io.cucumber.java.PendingException();
}
@Quando(&quot;adiciono o {string} como nulo&quot;)
public void adicionoOComoNulo(String string) {
    // Write code here that turns the phrase above into concrete actions
    throw new io.cucumber.java.PendingException();
}
@Então(&quot;recebo a mensagem de erro {string}&quot;)
public void receboAMensagemDeErro(String string) {
    // Write code here that turns the phrase above into concrete actions
    throw new io.cucumber.java.PendingException();
}

</error>
    <system-out>  Então recebo a mensagem de erro &quot;Dados inválidos!&quot;
</system-out>
  </testcase>
  <testcase classname="cliente inválido campos obrigatórios nulos #2" name="que desejo criar um cliente" time="0.001">
    <error message="The step &apos;que desejo criar um cliente&apos; and 2 other step(s) are undefined.
You can implement these steps using the snippet(s) below:

@Dado(&quot;que desejo criar um cliente&quot;)
public void queDesejoCriarUmCliente() {
    // Write code here that turns the phrase above into concrete actions
    throw new io.cucumber.java.PendingException();
}
@Quando(&quot;adiciono o {string} como nulo&quot;)
public void adicionoOComoNulo(String string) {
    // Write code here that turns the phrase above into concrete actions
    throw new io.cucumber.java.PendingException();
}
@Então(&quot;recebo a mensagem de erro {string}&quot;)
public void receboAMensagemDeErro(String string) {
    // Write code here that turns the phrase above into concrete actions
    throw new io.cucumber.java.PendingException();
}
" type="io.cucumber.junit.UndefinedStepException">io.cucumber.junit.UndefinedStepException: The step &apos;que desejo criar um cliente&apos; and 2 other step(s) are undefined.
You can implement these steps using the snippet(s) below:

@Dado(&quot;que desejo criar um cliente&quot;)
public void queDesejoCriarUmCliente() {
    // Write code here that turns the phrase above into concrete actions
    throw new io.cucumber.java.PendingException();
}
@Quando(&quot;adiciono o {string} como nulo&quot;)
public void adicionoOComoNulo(String string) {
    // Write code here that turns the phrase above into concrete actions
    throw new io.cucumber.java.PendingException();
}
@Então(&quot;recebo a mensagem de erro {string}&quot;)
public void receboAMensagemDeErro(String string) {
    // Write code here that turns the phrase above into concrete actions
    throw new io.cucumber.java.PendingException();
}

</error>
    <system-out>
Esquema do Cenário: cliente inválido campos obrigatórios nulos # src/test/resources/features/cadastrar_cliente.feature:21
</system-out>
  </testcase>
  <testcase classname="cliente inválido campos obrigatórios nulos #2" name="adiciono o &quot;email&quot; como nulo" time="0.001">
    <skipped/>
    <system-out>  Dado que desejo criar um cliente
</system-out>
  </testcase>
  <testcase classname="cliente inválido campos obrigatórios nulos #2" name="recebo a mensagem de erro &quot;Dados inválidos!&quot;" time="0">
    <skipped/>
    <system-out>  Quando adiciono o &quot;email&quot; como nulo
</system-out>
  </testcase>
  <testcase classname="cliente inválido campos obrigatórios nulos #2" name="cliente inválido campos obrigatórios nulos #2" time="0.002">
    <error message="The step &apos;que desejo criar um cliente&apos; and 2 other step(s) are undefined.
You can implement these steps using the snippet(s) below:

@Dado(&quot;que desejo criar um cliente&quot;)
public void queDesejoCriarUmCliente() {
    // Write code here that turns the phrase above into concrete actions
    throw new io.cucumber.java.PendingException();
}
@Quando(&quot;adiciono o {string} como nulo&quot;)
public void adicionoOComoNulo(String string) {
    // Write code here that turns the phrase above into concrete actions
    throw new io.cucumber.java.PendingException();
}
@Então(&quot;recebo a mensagem de erro {string}&quot;)
public void receboAMensagemDeErro(String string) {
    // Write code here that turns the phrase above into concrete actions
    throw new io.cucumber.java.PendingException();
}
" type="io.cucumber.junit.UndefinedStepException">io.cucumber.junit.UndefinedStepException: The step &apos;que desejo criar um cliente&apos; and 2 other step(s) are undefined.
You can implement these steps using the snippet(s) below:

@Dado(&quot;que desejo criar um cliente&quot;)
public void queDesejoCriarUmCliente() {
    // Write code here that turns the phrase above into concrete actions
    throw new io.cucumber.java.PendingException();
}
@Quando(&quot;adiciono o {string} como nulo&quot;)
public void adicionoOComoNulo(String string) {
    // Write code here that turns the phrase above into concrete actions
    throw new io.cucumber.java.PendingException();
}
@Então(&quot;recebo a mensagem de erro {string}&quot;)
public void receboAMensagemDeErro(String string) {
    // Write code here that turns the phrase above into concrete actions
    throw new io.cucumber.java.PendingException();
}

</error>
    <system-out>  Então recebo a mensagem de erro &quot;Dados inválidos!&quot;
</system-out>
  </testcase>
  <testcase classname="cliente inválido campos obrigatórios nulos #3" name="que desejo criar um cliente" time="0.002">
    <error message="The step &apos;que desejo criar um cliente&apos; and 2 other step(s) are undefined.
You can implement these steps using the snippet(s) below:

@Dado(&quot;que desejo criar um cliente&quot;)
public void queDesejoCriarUmCliente() {
    // Write code here that turns the phrase above into concrete actions
    throw new io.cucumber.java.PendingException();
}
@Quando(&quot;adiciono o {string} como nulo&quot;)
public void adicionoOComoNulo(String string) {
    // Write code here that turns the phrase above into concrete actions
    throw new io.cucumber.java.PendingException();
}
@Então(&quot;recebo a mensagem de erro {string}&quot;)
public void receboAMensagemDeErro(String string) {
    // Write code here that turns the phrase above into concrete actions
    throw new io.cucumber.java.PendingException();
}
" type="io.cucumber.junit.UndefinedStepException">io.cucumber.junit.UndefinedStepException: The step &apos;que desejo criar um cliente&apos; and 2 other step(s) are undefined.
You can implement these steps using the snippet(s) below:

@Dado(&quot;que desejo criar um cliente&quot;)
public void queDesejoCriarUmCliente() {
    // Write code here that turns the phrase above into concrete actions
    throw new io.cucumber.java.PendingException();
}
@Quando(&quot;adiciono o {string} como nulo&quot;)
public void adicionoOComoNulo(String string) {
    // Write code here that turns the phrase above into concrete actions
    throw new io.cucumber.java.PendingException();
}
@Então(&quot;recebo a mensagem de erro {string}&quot;)
public void receboAMensagemDeErro(String string) {
    // Write code here that turns the phrase above into concrete actions
    throw new io.cucumber.java.PendingException();
}

</error>
    <system-out>
Esquema do Cenário: cliente inválido campos obrigatórios nulos # src/test/resources/features/cadastrar_cliente.feature:22
</system-out>
  </testcase>
  <testcase classname="cliente inválido campos obrigatórios nulos #3" name="adiciono o &quot;cpf&quot; como nulo" time="0">
    <skipped/>
    <system-out>  Dado que desejo criar um cliente
</system-out>
  </testcase>
  <testcase classname="cliente inválido campos obrigatórios nulos #3" name="recebo a mensagem de erro &quot;Dados inválidos!&quot;" time="0">
    <skipped/>
    <system-out>  Quando adiciono o &quot;cpf&quot; como nulo
</system-out>
  </testcase>
  <testcase classname="cliente inválido campos obrigatórios nulos #3" name="cliente inválido campos obrigatórios nulos #3" time="0.001">
    <error message="The step &apos;que desejo criar um cliente&apos; and 2 other step(s) are undefined.
You can implement these steps using the snippet(s) below:

@Dado(&quot;que desejo criar um cliente&quot;)
public void queDesejoCriarUmCliente() {
    // Write code here that turns the phrase above into concrete actions
    throw new io.cucumber.java.PendingException();
}
@Quando(&quot;adiciono o {string} como nulo&quot;)
public void adicionoOComoNulo(String string) {
    // Write code here that turns the phrase above into concrete actions
    throw new io.cucumber.java.PendingException();
}
@Então(&quot;recebo a mensagem de erro {string}&quot;)
public void receboAMensagemDeErro(String string) {
    // Write code here that turns the phrase above into concrete actions
    throw new io.cucumber.java.PendingException();
}
" type="io.cucumber.junit.UndefinedStepException">io.cucumber.junit.UndefinedStepException: The step &apos;que desejo criar um cliente&apos; and 2 other step(s) are undefined.
You can implement these steps using the snippet(s) below:

@Dado(&quot;que desejo criar um cliente&quot;)
public void queDesejoCriarUmCliente() {
    // Write code here that turns the phrase above into concrete actions
    throw new io.cucumber.java.PendingException();
}
@Quando(&quot;adiciono o {string} como nulo&quot;)
public void adicionoOComoNulo(String string) {
    // Write code here that turns the phrase above into concrete actions
    throw new io.cucumber.java.PendingException();
}
@Então(&quot;recebo a mensagem de erro {string}&quot;)
public void receboAMensagemDeErro(String string) {
    // Write code here that turns the phrase above into concrete actions
    throw new io.cucumber.java.PendingException();
}

</error>
    <system-out>  Então recebo a mensagem de erro &quot;Dados inválidos!&quot;
</system-out>
  </testcase>
  <testcase classname="cliente inválido campos obrigatórios nulos #4" name="que desejo criar um cliente" time="0.001">
    <error message="The step &apos;que desejo criar um cliente&apos; and 2 other step(s) are undefined.
You can implement these steps using the snippet(s) below:

@Dado(&quot;que desejo criar um cliente&quot;)
public void queDesejoCriarUmCliente() {
    // Write code here that turns the phrase above into concrete actions
    throw new io.cucumber.java.PendingException();
}
@Quando(&quot;adiciono o {string} como nulo&quot;)
public void adicionoOComoNulo(String string) {
    // Write code here that turns the phrase above into concrete actions
    throw new io.cucumber.java.PendingException();
}
@Então(&quot;recebo a mensagem de erro {string}&quot;)
public void receboAMensagemDeErro(String string) {
    // Write code here that turns the phrase above into concrete actions
    throw new io.cucumber.java.PendingException();
}
" type="io.cucumber.junit.UndefinedStepException">io.cucumber.junit.UndefinedStepException: The step &apos;que desejo criar um cliente&apos; and 2 other step(s) are undefined.
You can implement these steps using the snippet(s) below:

@Dado(&quot;que desejo criar um cliente&quot;)
public void queDesejoCriarUmCliente() {
    // Write code here that turns the phrase above into concrete actions
    throw new io.cucumber.java.PendingException();
}
@Quando(&quot;adiciono o {string} como nulo&quot;)
public void adicionoOComoNulo(String string) {
    // Write code here that turns the phrase above into concrete actions
    throw new io.cucumber.java.PendingException();
}
@Então(&quot;recebo a mensagem de erro {string}&quot;)
public void receboAMensagemDeErro(String string) {
    // Write code here that turns the phrase above into concrete actions
    throw new io.cucumber.java.PendingException();
}

</error>
    <system-out>
Esquema do Cenário: cliente inválido campos obrigatórios nulos # src/test/resources/features/cadastrar_cliente.feature:23
</system-out>
  </testcase>
  <testcase classname="cliente inválido campos obrigatórios nulos #4" name="adiciono o &quot;ativo&quot; como nulo" time="0">
    <skipped/>
    <system-out>  Dado que desejo criar um cliente
</system-out>
  </testcase>
  <testcase classname="cliente inválido campos obrigatórios nulos #4" name="recebo a mensagem de erro &quot;Dados inválidos!&quot;" time="0">
    <skipped/>
    <system-out>  Quando adiciono o &quot;ativo&quot; como nulo
</system-out>
  </testcase>
  <testcase classname="cliente inválido campos obrigatórios nulos #4" name="cliente inválido campos obrigatórios nulos #4" time="0.002">
    <error message="The step &apos;que desejo criar um cliente&apos; and 2 other step(s) are undefined.
You can implement these steps using the snippet(s) below:

@Dado(&quot;que desejo criar um cliente&quot;)
public void queDesejoCriarUmCliente() {
    // Write code here that turns the phrase above into concrete actions
    throw new io.cucumber.java.PendingException();
}
@Quando(&quot;adiciono o {string} como nulo&quot;)
public void adicionoOComoNulo(String string) {
    // Write code here that turns the phrase above into concrete actions
    throw new io.cucumber.java.PendingException();
}
@Então(&quot;recebo a mensagem de erro {string}&quot;)
public void receboAMensagemDeErro(String string) {
    // Write code here that turns the phrase above into concrete actions
    throw new io.cucumber.java.PendingException();
}
" type="io.cucumber.junit.UndefinedStepException">io.cucumber.junit.UndefinedStepException: The step &apos;que desejo criar um cliente&apos; and 2 other step(s) are undefined.
You can implement these steps using the snippet(s) below:

@Dado(&quot;que desejo criar um cliente&quot;)
public void queDesejoCriarUmCliente() {
    // Write code here that turns the phrase above into concrete actions
    throw new io.cucumber.java.PendingException();
}
@Quando(&quot;adiciono o {string} como nulo&quot;)
public void adicionoOComoNulo(String string) {
    // Write code here that turns the phrase above into concrete actions
    throw new io.cucumber.java.PendingException();
}
@Então(&quot;recebo a mensagem de erro {string}&quot;)
public void receboAMensagemDeErro(String string) {
    // Write code here that turns the phrase above into concrete actions
    throw new io.cucumber.java.PendingException();
}

</error>
    <system-out>  Então recebo a mensagem de erro &quot;Dados inválidos!&quot;
</system-out>
  </testcase>
  <testcase classname="cliente inválido campos obrigatórios vazios" name="que desejo criar um cliente" time="0">
    <error message="The step &apos;que desejo criar um cliente&apos; and 2 other step(s) are undefined.
You can implement these steps using the snippet(s) below:

@Dado(&quot;que desejo criar um cliente&quot;)
public void queDesejoCriarUmCliente() {
    // Write code here that turns the phrase above into concrete actions
    throw new io.cucumber.java.PendingException();
}
@Quando(&quot;adiciono o campo vazio&quot;)
public void adicionoOCampoVazio() {
    // Write code here that turns the phrase above into concrete actions
    throw new io.cucumber.java.PendingException();
}
@Então(&quot;recebo a mensagem de erro&quot;)
public void receboAMensagemDeErro() {
    // Write code here that turns the phrase above into concrete actions
    throw new io.cucumber.java.PendingException();
}
" type="io.cucumber.junit.UndefinedStepException">io.cucumber.junit.UndefinedStepException: The step &apos;que desejo criar um cliente&apos; and 2 other step(s) are undefined.
You can implement these steps using the snippet(s) below:

@Dado(&quot;que desejo criar um cliente&quot;)
public void queDesejoCriarUmCliente() {
    // Write code here that turns the phrase above into concrete actions
    throw new io.cucumber.java.PendingException();
}
@Quando(&quot;adiciono o campo vazio&quot;)
public void adicionoOCampoVazio() {
    // Write code here that turns the phrase above into concrete actions
    throw new io.cucumber.java.PendingException();
}
@Então(&quot;recebo a mensagem de erro&quot;)
public void receboAMensagemDeErro() {
    // Write code here that turns the phrase above into concrete actions
    throw new io.cucumber.java.PendingException();
}

</error>
    <system-out>
Cenário: cliente inválido campos obrigatórios vazios # src/test/resources/features/cadastrar_cliente.feature:25
</system-out>
  </testcase>
  <testcase classname="cliente inválido campos obrigatórios vazios" name="adiciono o campo vazio" time="0">
    <skipped/>
    <system-out>  Dado que desejo criar um cliente
</system-out>
  </testcase>
  <testcase classname="cliente inválido campos obrigatórios vazios" name="recebo a mensagem de erro" time="0">
    <skipped/>
    <system-out>  Quando adiciono o campo vazio
</system-out>
  </testcase>
  <testcase classname="cliente inválido campos obrigatórios vazios" name="cliente inválido campos obrigatórios vazios" time="0.001">
    <error message="The step &apos;que desejo criar um cliente&apos; and 2 other step(s) are undefined.
You can implement these steps using the snippet(s) below:

@Dado(&quot;que desejo criar um cliente&quot;)
public void queDesejoCriarUmCliente() {
    // Write code here that turns the phrase above into concrete actions
    throw new io.cucumber.java.PendingException();
}
@Quando(&quot;adiciono o campo vazio&quot;)
public void adicionoOCampoVazio() {
    // Write code here that turns the phrase above into concrete actions
    throw new io.cucumber.java.PendingException();
}
@Então(&quot;recebo a mensagem de erro&quot;)
public void receboAMensagemDeErro() {
    // Write code here that turns the phrase above into concrete actions
    throw new io.cucumber.java.PendingException();
}
" type="io.cucumber.junit.UndefinedStepException">io.cucumber.junit.UndefinedStepException: The step &apos;que desejo criar um cliente&apos; and 2 other step(s) are undefined.
You can implement these steps using the snippet(s) below:

@Dado(&quot;que desejo criar um cliente&quot;)
public void queDesejoCriarUmCliente() {
    // Write code here that turns the phrase above into concrete actions
    throw new io.cucumber.java.PendingException();
}
@Quando(&quot;adiciono o campo vazio&quot;)
public void adicionoOCampoVazio() {
    // Write code here that turns the phrase above into concrete actions
    throw new io.cucumber.java.PendingException();
}
@Então(&quot;recebo a mensagem de erro&quot;)
public void receboAMensagemDeErro() {
    // Write code here that turns the phrase above into concrete actions
    throw new io.cucumber.java.PendingException();
}

</error>
    <system-out>  Então recebo a mensagem de erro
</system-out>
  </testcase>
  <testcase classname="cliente inválido campos obrigatórios no formato inválido" name="que desejo criar um cliente" time="0.001">
    <error message="The step &apos;que desejo criar um cliente&apos; and 2 other step(s) are undefined.
You can implement these steps using the snippet(s) below:

@Dado(&quot;que desejo criar um cliente&quot;)
public void queDesejoCriarUmCliente() {
    // Write code here that turns the phrase above into concrete actions
    throw new io.cucumber.java.PendingException();
}
@Quando(&quot;adiciono um campo no formato inválido&quot;)
public void adicionoUmCampoNoFormatoInválido() {
    // Write code here that turns the phrase above into concrete actions
    throw new io.cucumber.java.PendingException();
}
@Então(&quot;recebo a mensagem de erro&quot;)
public void receboAMensagemDeErro() {
    // Write code here that turns the phrase above into concrete actions
    throw new io.cucumber.java.PendingException();
}
" type="io.cucumber.junit.UndefinedStepException">io.cucumber.junit.UndefinedStepException: The step &apos;que desejo criar um cliente&apos; and 2 other step(s) are undefined.
You can implement these steps using the snippet(s) below:

@Dado(&quot;que desejo criar um cliente&quot;)
public void queDesejoCriarUmCliente() {
    // Write code here that turns the phrase above into concrete actions
    throw new io.cucumber.java.PendingException();
}
@Quando(&quot;adiciono um campo no formato inválido&quot;)
public void adicionoUmCampoNoFormatoInválido() {
    // Write code here that turns the phrase above into concrete actions
    throw new io.cucumber.java.PendingException();
}
@Então(&quot;recebo a mensagem de erro&quot;)
public void receboAMensagemDeErro() {
    // Write code here that turns the phrase above into concrete actions
    throw new io.cucumber.java.PendingException();
}

</error>
    <system-out>
Cenário: cliente inválido campos obrigatórios no formato inválido # src/test/resources/features/cadastrar_cliente.feature:30
</system-out>
  </testcase>
  <testcase classname="cliente inválido campos obrigatórios no formato inválido" name="adiciono um campo no formato inválido" time="0">
    <skipped/>
    <system-out>  Dado que desejo criar um cliente
</system-out>
  </testcase>
  <testcase classname="cliente inválido campos obrigatórios no formato inválido" name="recebo a mensagem de erro" time="0">
    <skipped/>
    <system-out>  Quando adiciono um campo no formato inválido
</system-out>
  </testcase>
  <testcase classname="cliente inválido campos obrigatórios no formato inválido" name="cliente inválido campos obrigatórios no formato inválido" time="0.001">
    <error message="The step &apos;que desejo criar um cliente&apos; and 2 other step(s) are undefined.
You can implement these steps using the snippet(s) below:

@Dado(&quot;que desejo criar um cliente&quot;)
public void queDesejoCriarUmCliente() {
    // Write code here that turns the phrase above into concrete actions
    throw new io.cucumber.java.PendingException();
}
@Quando(&quot;adiciono um campo no formato inválido&quot;)
public void adicionoUmCampoNoFormatoInválido() {
    // Write code here that turns the phrase above into concrete actions
    throw new io.cucumber.java.PendingException();
}
@Então(&quot;recebo a mensagem de erro&quot;)
public void receboAMensagemDeErro() {
    // Write code here that turns the phrase above into concrete actions
    throw new io.cucumber.java.PendingException();
}
" type="io.cucumber.junit.UndefinedStepException">io.cucumber.junit.UndefinedStepException: The step &apos;que desejo criar um cliente&apos; and 2 other step(s) are undefined.
You can implement these steps using the snippet(s) below:

@Dado(&quot;que desejo criar um cliente&quot;)
public void queDesejoCriarUmCliente() {
    // Write code here that turns the phrase above into concrete actions
    throw new io.cucumber.java.PendingException();
}
@Quando(&quot;adiciono um campo no formato inválido&quot;)
public void adicionoUmCampoNoFormatoInválido() {
    // Write code here that turns the phrase above into concrete actions
    throw new io.cucumber.java.PendingException();
}
@Então(&quot;recebo a mensagem de erro&quot;)
public void receboAMensagemDeErro() {
    // Write code here that turns the phrase above into concrete actions
    throw new io.cucumber.java.PendingException();
}

</error>
    <system-out>  Então recebo a mensagem de erro
</system-out>
  </testcase>
  <testcase classname="adicionar telefone no formato inválido" name="que tenho um cliente válido" time="0">
    <error message="The step &apos;que tenho um cliente válido&apos; and 2 other step(s) are undefined.
You can implement these steps using the snippet(s) below:

@Dado(&quot;que tenho um cliente válido&quot;)
public void queTenhoUmClienteVálido() {
    // Write code here that turns the phrase above into concrete actions
    throw new io.cucumber.java.PendingException();
}
@Quando(&quot;adiciono um telefone no formato inválido&quot;)
public void adicionoUmTelefoneNoFormatoInválido() {
    // Write code here that turns the phrase above into concrete actions
    throw new io.cucumber.java.PendingException();
}
@Então(&quot;recebo uma mensagem de erro&quot;)
public void receboUmaMensagemDeErro() {
    // Write code here that turns the phrase above into concrete actions
    throw new io.cucumber.java.PendingException();
}
" type="io.cucumber.junit.UndefinedStepException">io.cucumber.junit.UndefinedStepException: The step &apos;que tenho um cliente válido&apos; and 2 other step(s) are undefined.
You can implement these steps using the snippet(s) below:

@Dado(&quot;que tenho um cliente válido&quot;)
public void queTenhoUmClienteVálido() {
    // Write code here that turns the phrase above into concrete actions
    throw new io.cucumber.java.PendingException();
}
@Quando(&quot;adiciono um telefone no formato inválido&quot;)
public void adicionoUmTelefoneNoFormatoInválido() {
    // Write code here that turns the phrase above into concrete actions
    throw new io.cucumber.java.PendingException();
}
@Então(&quot;recebo uma mensagem de erro&quot;)
public void receboUmaMensagemDeErro() {
    // Write code here that turns the phrase above into concrete actions
    throw new io.cucumber.java.PendingException();
}

</error>
    <system-out>
Cenário: adicionar telefone no formato inválido   # src/test/resources/features/cadastrar_cliente.feature:35
</system-out>
  </testcase>
  <testcase classname="adicionar telefone no formato inválido" name="adiciono um telefone no formato inválido" time="0">
    <skipped/>
    <system-out>  Dado que tenho um cliente válido
</system-out>
  </testcase>
  <testcase classname="adicionar telefone no formato inválido" name="recebo uma mensagem de erro" time="0">
    <skipped/>
    <system-out>  Quando adiciono um telefone no formato inválido
</system-out>
  </testcase>
  <testcase classname="adicionar telefone no formato inválido" name="adicionar telefone no formato inválido" time="0">
    <error message="The step &apos;que tenho um cliente válido&apos; and 2 other step(s) are undefined.
You can implement these steps using the snippet(s) below:

@Dado(&quot;que tenho um cliente válido&quot;)
public void queTenhoUmClienteVálido() {
    // Write code here that turns the phrase above into concrete actions
    throw new io.cucumber.java.PendingException();
}
@Quando(&quot;adiciono um telefone no formato inválido&quot;)
public void adicionoUmTelefoneNoFormatoInválido() {
    // Write code here that turns the phrase above into concrete actions
    throw new io.cucumber.java.PendingException();
}
@Então(&quot;recebo uma mensagem de erro&quot;)
public void receboUmaMensagemDeErro() {
    // Write code here that turns the phrase above into concrete actions
    throw new io.cucumber.java.PendingException();
}
" type="io.cucumber.junit.UndefinedStepException">io.cucumber.junit.UndefinedStepException: The step &apos;que tenho um cliente válido&apos; and 2 other step(s) are undefined.
You can implement these steps using the snippet(s) below:

@Dado(&quot;que tenho um cliente válido&quot;)
public void queTenhoUmClienteVálido() {
    // Write code here that turns the phrase above into concrete actions
    throw new io.cucumber.java.PendingException();
}
@Quando(&quot;adiciono um telefone no formato inválido&quot;)
public void adicionoUmTelefoneNoFormatoInválido() {
    // Write code here that turns the phrase above into concrete actions
    throw new io.cucumber.java.PendingException();
}
@Então(&quot;recebo uma mensagem de erro&quot;)
public void receboUmaMensagemDeErro() {
    // Write code here that turns the phrase above into concrete actions
    throw new io.cucumber.java.PendingException();
}

</error>
    <system-out>  Então recebo uma mensagem de erro
</system-out>
  </testcase>
  <testcase classname="alterar campo ativo para nulo" name="que tenho um cliente válido" time="0.001">
    <error message="The step &apos;que tenho um cliente válido&apos; and 2 other step(s) are undefined.
You can implement these steps using the snippet(s) below:

@Dado(&quot;que tenho um cliente válido&quot;)
public void queTenhoUmClienteVálido() {
    // Write code here that turns the phrase above into concrete actions
    throw new io.cucumber.java.PendingException();
}
@Quando(&quot;tento alterar o campo ativo para nulo&quot;)
public void tentoAlterarOCampoAtivoParaNulo() {
    // Write code here that turns the phrase above into concrete actions
    throw new io.cucumber.java.PendingException();
}
@Então(&quot;recebo uma mensagem de erro&quot;)
public void receboUmaMensagemDeErro() {
    // Write code here that turns the phrase above into concrete actions
    throw new io.cucumber.java.PendingException();
}
" type="io.cucumber.junit.UndefinedStepException">io.cucumber.junit.UndefinedStepException: The step &apos;que tenho um cliente válido&apos; and 2 other step(s) are undefined.
You can implement these steps using the snippet(s) below:

@Dado(&quot;que tenho um cliente válido&quot;)
public void queTenhoUmClienteVálido() {
    // Write code here that turns the phrase above into concrete actions
    throw new io.cucumber.java.PendingException();
}
@Quando(&quot;tento alterar o campo ativo para nulo&quot;)
public void tentoAlterarOCampoAtivoParaNulo() {
    // Write code here that turns the phrase above into concrete actions
    throw new io.cucumber.java.PendingException();
}
@Então(&quot;recebo uma mensagem de erro&quot;)
public void receboUmaMensagemDeErro() {
    // Write code here that turns the phrase above into concrete actions
    throw new io.cucumber.java.PendingException();
}

</error>
    <system-out>
Cenário: alterar campo ativo para nulo         # src/test/resources/features/cadastrar_cliente.feature:40
</system-out>
  </testcase>
  <testcase classname="alterar campo ativo para nulo" name="tento alterar o campo ativo para nulo" time="0">
    <skipped/>
    <system-out>  Dado que tenho um cliente válido
</system-out>
  </testcase>
  <testcase classname="alterar campo ativo para nulo" name="recebo uma mensagem de erro" time="0">
    <skipped/>
    <system-out>  Quando tento alterar o campo ativo para nulo
</system-out>
  </testcase>
  <testcase classname="alterar campo ativo para nulo" name="alterar campo ativo para nulo" time="0.001">
    <error message="The step &apos;que tenho um cliente válido&apos; and 2 other step(s) are undefined.
You can implement these steps using the snippet(s) below:

@Dado(&quot;que tenho um cliente válido&quot;)
public void queTenhoUmClienteVálido() {
    // Write code here that turns the phrase above into concrete actions
    throw new io.cucumber.java.PendingException();
}
@Quando(&quot;tento alterar o campo ativo para nulo&quot;)
public void tentoAlterarOCampoAtivoParaNulo() {
    // Write code here that turns the phrase above into concrete actions
    throw new io.cucumber.java.PendingException();
}
@Então(&quot;recebo uma mensagem de erro&quot;)
public void receboUmaMensagemDeErro() {
    // Write code here that turns the phrase above into concrete actions
    throw new io.cucumber.java.PendingException();
}
" type="io.cucumber.junit.UndefinedStepException">io.cucumber.junit.UndefinedStepException: The step &apos;que tenho um cliente válido&apos; and 2 other step(s) are undefined.
You can implement these steps using the snippet(s) below:

@Dado(&quot;que tenho um cliente válido&quot;)
public void queTenhoUmClienteVálido() {
    // Write code here that turns the phrase above into concrete actions
    throw new io.cucumber.java.PendingException();
}
@Quando(&quot;tento alterar o campo ativo para nulo&quot;)
public void tentoAlterarOCampoAtivoParaNulo() {
    // Write code here that turns the phrase above into concrete actions
    throw new io.cucumber.java.PendingException();
}
@Então(&quot;recebo uma mensagem de erro&quot;)
public void receboUmaMensagemDeErro() {
    // Write code here that turns the phrase above into concrete actions
    throw new io.cucumber.java.PendingException();
}

</error>
    <system-out>  Então recebo uma mensagem de erro
</system-out>
  </testcase>
</testsuite>