<?xml version="1.0" encoding="UTF-8"?>
<testsuite xmlns:xsi="http://www.w3.org/2001/XMLSchema-instance" xsi:noNamespaceSchemaLocation="https://maven.apache.org/surefire/maven-surefire-plugin/xsd/surefire-test-report.xsd" name="br.com.jaque.banco.bajax.test.ContaServiceTest" time="0.077" tests="32" errors="0" skipped="0" failures="0">
  <properties>
[...]
</properties>
  <testcase name="pesquisaContaComAgenciaValidaMasQueNaoPertenceANenhumaConta" classname="br.com.jaque.banco.bajax.test.ContaServiceTest" time="0"/>
  <testcase name="pesquisaContaComAgenciaMenorQueZero" classname="br.com.jaque.banco.bajax.test.ContaServiceTest" time="0"/>
  <testcase name="verificaContaNumeroValidoMasQueNaoPertenceANenhumaConta" classname="br.com.jaque.banco.bajax.test.ContaServiceTest" time="0"/>
  <testcase name="verificaContaAgenciaValidaMasQueNaoPertenceANenhumaConta" classname="br.com.jaque.banco.bajax.test.ContaServiceTest" time="0"/>
  <testcase name="pesquisaContaAtivaComSucessoCC" classname="br.com.jaque.banco.bajax.test.ContaServiceTest" time="0"/>
  <testcase name="pesquisaContaAtivaComSucessoCP" classname="br.com.jaque.banco.bajax.test.ContaServiceTest" time="0"/>
  <testcase name="pesquisaContaNãoEncontrada" classname="br.com.jaque.banco.bajax.test.ContaServiceTest" time="0.002"/>
  <testcase name="pesquisaContaComAgenciaIgualAZero" classname="br.com.jaque.banco.bajax.test.ContaServiceTest" time="0"/>
  <testcase name="pesquisaContaInativaComSucessoCC" classname="br.com.jaque.banco.bajax.test.ContaServiceTest" time="0.001"/>
  <testcase name="removeContaComSucessoCC" classname="br.com.jaque.banco.bajax.test.ContaServiceTest" time="0.004"/>
  <testcase name="removeContaComSucessoCP" classname="br.com.jaque.banco.bajax.test.ContaServiceTest" time="0"/>
  <testcase name="removeContaNumeroValidoMasQueNaoPertenceANenhumaConta" classname="br.com.jaque.banco.bajax.test.ContaServiceTest" time="0.001"/>
  <testcase name="verificaContaAgenciaIgualAZero" classname="br.com.jaque.banco.bajax.test.ContaServiceTest" time="0"/>
  <testcase name="adicionaContaNula" classname="br.com.jaque.banco.bajax.test.ContaServiceTest" time="0"/>
  <testcase name="adicionaContaComSucessoCC" classname="br.com.jaque.banco.bajax.test.ContaServiceTest" time="0"/>
  <testcase name="adicionaContaComSucessoCP" classname="br.com.jaque.banco.bajax.test.ContaServiceTest" time="0.001"/>
  <testcase name="verificaNumeroMenorQueAZero" classname="br.com.jaque.banco.bajax.test.ContaServiceTest" time="0"/>
  <testcase name="verificaContaAtivaComSucessoCC" classname="br.com.jaque.banco.bajax.test.ContaServiceTest" time="0"/>
  <testcase name="verificaContaAtivaComSucessoCP" classname="br.com.jaque.banco.bajax.test.ContaServiceTest" time="0.001"/>
  <testcase name="verificaAgenciaMenorQueAZero" classname="br.com.jaque.banco.bajax.test.ContaServiceTest" time="0"/>
  <testcase name="pesquisaContaComNumeroValidoMasQueNaoPertenceANenhumaConta" classname="br.com.jaque.banco.bajax.test.ContaServiceTest" time="0.001"/>
  <testcase name="removeContaAgenciaValidaMasQueNaoPertenceANenhumaConta" classname="br.com.jaque.banco.bajax.test.ContaServiceTest" time="0.001"/>
  <testcase name="pesquisaContaComNumeroIgualAZero" classname="br.com.jaque.banco.bajax.test.ContaServiceTest" time="0"/>
  <testcase name="pesquisaContaComNumeroMenorQueZero" classname="br.com.jaque.banco.bajax.test.ContaServiceTest" time="0"/>
  <testcase name="removeContaAgenciaMenorQueZero" classname="br.com.jaque.banco.bajax.test.ContaServiceTest" time="0.005"/>
  <testcase name="removeContaNumeroMenorQueZero" classname="br.com.jaque.banco.bajax.test.ContaServiceTest" time="0"/>
  <testcase name="removeContaAgenciaIgualAZero" classname="br.com.jaque.banco.bajax.test.ContaServiceTest" time="0"/>
  <testcase name="verificaContaNumeroIgualAZero" classname="br.com.jaque.banco.bajax.test.ContaServiceTest" time="0"/>
  <testcase name="removeContaNumeroIgualAZero" classname="br.com.jaque.banco.bajax.test.ContaServiceTest" time="0.01"/>
  <testcase name="verificaContaInativaComSucessoCC" classname="br.com.jaque.banco.bajax.test.ContaServiceTest" time="0"/>
  <testcase name="verificaContaInativaComSucessoCP" classname="br.com.jaque.banco.bajax.test.ContaServiceTest" time="0"/>
  <testcase name="pesquisaInativaComSucessoCP" classname="br.com.jaque.banco.bajax.test.ContaServiceTest" time="0"/>
</testsuite>