<?xml version="1.0" encoding="UTF-8"?>
<testsuite xmlns:xsi="http://www.w3.org/2001/XMLSchema-instance" xsi:noNamespaceSchemaLocation="https://maven.apache.org/surefire/maven-surefire-plugin/xsd/surefire-test-report.xsd" name="br.com.jaque.banco.bajax.test.ContaTest" time="0.093" tests="95" errors="0" skipped="0" failures="0">
  <properties>
[...]
</properties>
  <testcase name="transfereValorIgualAZeroParaContaPoupancaCC" classname="br.com.jaque.banco.bajax.test.ContaTest" time="0"/>
  <testcase name="transfereValorIgualAZeroParaContaPoupancaCP" classname="br.com.jaque.banco.bajax.test.ContaTest" time="0"/>
  <testcase name="transfereComSucessoParaContaCorrenteCC" classname="br.com.jaque.banco.bajax.test.ContaTest" time="0"/>
  <testcase name="transfereComSucessoParaContaCorrenteCP" classname="br.com.jaque.banco.bajax.test.ContaTest" time="0"/>
  <testcase name="setChequeEspecialValorIgualAZeroCC" classname="br.com.jaque.banco.bajax.test.ContaTest" time="0"/>
  <testcase name="depositaValorIgualAZeroCC" classname="br.com.jaque.banco.bajax.test.ContaTest" time="0"/>
  <testcase name="depositaValorIgualAZeroCP" classname="br.com.jaque.banco.bajax.test.ContaTest" time="0"/>
  <testcase name="titularInativoCC" classname="br.com.jaque.banco.bajax.test.ContaTest" time="0"/>
  <testcase name="titularInativoCP" classname="br.com.jaque.banco.bajax.test.ContaTest" time="0"/>
  <testcase name="setChequeEspecialNuloCC" classname="br.com.jaque.banco.bajax.test.ContaTest" time="0"/>
  <testcase name="numeroIgualAZeroCC" classname="br.com.jaque.banco.bajax.test.ContaTest" time="0"/>
  <testcase name="numeroIgualAZeroCP" classname="br.com.jaque.banco.bajax.test.ContaTest" time="0"/>
  <testcase name="depositaValorNegativoCC" classname="br.com.jaque.banco.bajax.test.ContaTest" time="0"/>
  <testcase name="depositaValorNegativoCP" classname="br.com.jaque.banco.bajax.test.ContaTest" time="0"/>
  <testcase name="setLimiteTransferenciaValorNegativoCC" classname="br.com.jaque.banco.bajax.test.ContaTest" time="0"/>
  <testcase name="chequeEspecialNulo" classname="br.com.jaque.banco.bajax.test.ContaTest" time="0"/>
  <testcase name="sacaValorMaiorQueOChequeEspecial" classname="br.com.jaque.banco.bajax.test.ContaTest" time="0"/>
  <testcase name="limiteTransferenciaNulo" classname="br.com.jaque.banco.bajax.test.ContaTest" time="0"/>
  <testcase name="setLimiteTransferenciaValorIgualAZeroCC" classname="br.com.jaque.banco.bajax.test.ContaTest" time="0"/>
  <testcase name="limiteTransferenciaNegativo" classname="br.com.jaque.banco.bajax.test.ContaTest" time="0"/>
  <testcase name="limiteSaqueNulo" classname="br.com.jaque.banco.bajax.test.ContaTest" time="0"/>
  <testcase name="setLimiteTransferenciaNuloCC" classname="br.com.jaque.banco.bajax.test.ContaTest" time="0"/>
  <testcase name="limiteSaqueNuloCP" classname="br.com.jaque.banco.bajax.test.ContaTest" time="0"/>
  <testcase name="sacaComSucessoAtéOLimiteDeSaqueCC" classname="br.com.jaque.banco.bajax.test.ContaTest" time="0"/>
  <testcase name="sacaContaInativaCC" classname="br.com.jaque.banco.bajax.test.ContaTest" time="0"/>
  <testcase name="sacaContaInativaCP" classname="br.com.jaque.banco.bajax.test.ContaTest" time="0"/>
  <testcase name="depositaComSucessoCC" classname="br.com.jaque.banco.bajax.test.ContaTest" time="0"/>
  <testcase name="depositaComSucessoCP" classname="br.com.jaque.banco.bajax.test.ContaTest" time="0"/>
  <testcase name="transfereComSucessoParaContaPoupancaCC" classname="br.com.jaque.banco.bajax.test.ContaTest" time="0"/>
  <testcase name="transfereComSucessoParaContaPoupancaCP" classname="br.com.jaque.banco.bajax.test.ContaTest" time="0"/>
  <testcase name="setLimiteSaqueSucessoCC" classname="br.com.jaque.banco.bajax.test.ContaTest" time="0"/>
  <testcase name="numeroNegativoCC" classname="br.com.jaque.banco.bajax.test.ContaTest" time="0"/>
  <testcase name="numeroNegativoCP" classname="br.com.jaque.banco.bajax.test.ContaTest" time="0.001"/>
  <testcase name="transfereValorNegativoParaContaCorrenteCC" classname="br.com.jaque.banco.bajax.test.ContaTest" time="0"/>
  <testcase name="transfereValorNegativoParaContaCorrenteCP" classname="br.com.jaque.banco.bajax.test.ContaTest" time="0"/>
  <testcase name="setAtivaNuloCC" classname="br.com.jaque.banco.bajax.test.ContaTest" time="0"/>
  <testcase name="setAtivaNuloCP" classname="br.com.jaque.banco.bajax.test.ContaTest" time="0"/>
  <testcase name="transfereComSucessoAteOLimiteDeTransferenciaParaContaCorrenteCC" classname="br.com.jaque.banco.bajax.test.ContaTest" time="0.002"/>
  <testcase name="limiteSaqueIgualAZero" classname="br.com.jaque.banco.bajax.test.ContaTest" time="0"/>
  <testcase name="setLimiteSaqueNuloCC" classname="br.com.jaque.banco.bajax.test.ContaTest" time="0"/>
  <testcase name="seContaAtivaNuloCC" classname="br.com.jaque.banco.bajax.test.ContaTest" time="0"/>
  <testcase name="seContaAtivaNuloCP" classname="br.com.jaque.banco.bajax.test.ContaTest" time="0.001"/>
  <testcase name="transfereValorMaiorQueOSaldoParaContaCorrenteCC" classname="br.com.jaque.banco.bajax.test.ContaTest" time="0.001"/>
  <testcase name="transfereValorMaiorQueOSaldoParaContaCorrenteCP" classname="br.com.jaque.banco.bajax.test.ContaTest" time="0.001"/>
  <testcase name="transfereValorMaiorQueOLimiteTransferenciaCC" classname="br.com.jaque.banco.bajax.test.ContaTest" time="0"/>
  <testcase name="sacaValorMaiorQueOSaldoCP" classname="br.com.jaque.banco.bajax.test.ContaTest" time="0"/>
  <testcase name="transfereValorNegativoParaContaPoupancaCC" classname="br.com.jaque.banco.bajax.test.ContaTest" time="0"/>
  <testcase name="transfereValorNegativoParaContaPoupancaCP" classname="br.com.jaque.banco.bajax.test.ContaTest" time="0"/>
  <testcase name="transfereValorNuloParaContaCorrenteCC" classname="br.com.jaque.banco.bajax.test.ContaTest" time="0.001"/>
  <testcase name="transfereValorNuloParaContaCorrenteCP" classname="br.com.jaque.banco.bajax.test.ContaTest" time="0.001"/>
  <testcase name="transfereComSucessoAteOLimiteDeTransferenciaParaContaPoupancaCC" classname="br.com.jaque.banco.bajax.test.ContaTest" time="0.001"/>
  <testcase name="chequeEspecialIgualAZero" classname="br.com.jaque.banco.bajax.test.ContaTest" time="0.001"/>
  <testcase name="setChequeEspecialSucessoCC" classname="br.com.jaque.banco.bajax.test.ContaTest" time="0"/>
  <testcase name="sacaValorMaiorQueOLimiteDeSaque" classname="br.com.jaque.banco.bajax.test.ContaTest" time="0.001"/>
  <testcase name="setLimiteTransferenciaSucessoCC" classname="br.com.jaque.banco.bajax.test.ContaTest" time="0.001"/>
  <testcase name="limiteTransferenciaIgualAZero" classname="br.com.jaque.banco.bajax.test.ContaTest" time="0.002"/>
  <testcase name="sacaValorNegativoCC" classname="br.com.jaque.banco.bajax.test.ContaTest" time="0"/>
  <testcase name="sacaValorNegativoCP" classname="br.com.jaque.banco.bajax.test.ContaTest" time="0.001"/>
  <testcase name="transfereValorMaiorQueOSaldoParaContaPoupancaCC" classname="br.com.jaque.banco.bajax.test.ContaTest" time="0.002"/>
  <testcase name="transfereValorMaiorQueOSaldoParaContaPoupancaCP" classname="br.com.jaque.banco.bajax.test.ContaTest" time="0.001"/>
  <testcase name="agenciaNegativoCC" classname="br.com.jaque.banco.bajax.test.ContaTest" time="0"/>
  <testcase name="agenciaNegativoCP" classname="br.com.jaque.banco.bajax.test.ContaTest" time="0"/>
  <testcase name="setLimiteSaqueValorNegativoCC" classname="br.com.jaque.banco.bajax.test.ContaTest" time="0"/>
  <testcase name="transfereValorNuloParaContaPoupancaCC" classname="br.com.jaque.banco.bajax.test.ContaTest" time="0.001"/>
  <testcase name="transfereValorNuloParaContaPoupancaCP" classname="br.com.jaque.banco.bajax.test.ContaTest" time="0.004"/>
  <testcase name="criaContaAtivaComSucessoCC" classname="br.com.jaque.banco.bajax.test.ContaTest" time="0.003"/>
  <testcase name="criaContaAtivaComSucessoCP" classname="br.com.jaque.banco.bajax.test.ContaTest" time="0"/>
  <testcase name="depositaValorNuloCC" classname="br.com.jaque.banco.bajax.test.ContaTest" time="0.001"/>
  <testcase name="depositaValorNuloCP" classname="br.com.jaque.banco.bajax.test.ContaTest" time="0.001"/>
  <testcase name="depositaContaInativaCC" classname="br.com.jaque.banco.bajax.test.ContaTest" time="0.001"/>
  <testcase name="depositaContaInativaCP" classname="br.com.jaque.banco.bajax.test.ContaTest" time="0"/>
  <testcase name="agenciaIgualAZeroCC" classname="br.com.jaque.banco.bajax.test.ContaTest" time="0"/>
  <testcase name="agenciaIgualAZeroCP" classname="br.com.jaque.banco.bajax.test.ContaTest" time="0.001"/>
  <testcase name="transfereValorIgualAZeroParaContaCorrenteCC" classname="br.com.jaque.banco.bajax.test.ContaTest" time="0"/>
  <testcase name="transfereValorIgualAZeroParaContaCorrenteCP" classname="br.com.jaque.banco.bajax.test.ContaTest" time="0.001"/>
  <testcase name="titularNuloCC" classname="br.com.jaque.banco.bajax.test.ContaTest" time="0.001"/>
  <testcase name="titularNuloCP" classname="br.com.jaque.banco.bajax.test.ContaTest" time="0.001"/>
  <testcase name="sacaValorNuloCC" classname="br.com.jaque.banco.bajax.test.ContaTest" time="0"/>
  <testcase name="sacaValorNuloCP" classname="br.com.jaque.banco.bajax.test.ContaTest" time="0"/>
  <testcase name="sacaComSucessoCC" classname="br.com.jaque.banco.bajax.test.ContaTest" time="0"/>
  <testcase name="sacaComSucessoCP" classname="br.com.jaque.banco.bajax.test.ContaTest" time="0.001"/>
  <testcase name="criaContaInativaComSucessoCC" classname="br.com.jaque.banco.bajax.test.ContaTest" time="0.001"/>
  <testcase name="criaContaInativaComSucessoCP" classname="br.com.jaque.banco.bajax.test.ContaTest" time="0"/>
  <testcase name="limiteSaqueNegativo" classname="br.com.jaque.banco.bajax.test.ContaTest" time="0.001"/>
  <testcase name="chequeEspecialNegativo" classname="br.com.jaque.banco.bajax.test.ContaTest" time="0.001"/>
  <testcase name="sacaValorIguaAZeroCC" classname="br.com.jaque.banco.bajax.test.ContaTest" time="0"/>
  <testcase name="sacaValorIguaAZeroCP" classname="br.com.jaque.banco.bajax.test.ContaTest" time="0.001"/>
  <testcase name="setChequeEspecialValorNegativoCC" classname="br.com.jaque.banco.bajax.test.ContaTest" time="0.001"/>
  <testcase name="setLimiteSaqueValorIgualAZeroCC" classname="br.com.jaque.banco.bajax.test.ContaTest" time="0.001"/>
  <testcase name="transfereParaContaInativaCC" classname="br.com.jaque.banco.bajax.test.ContaTest" time="0.001"/>
  <testcase name="transfereParaContaInativaCP" classname="br.com.jaque.banco.bajax.test.ContaTest" time="0"/>
  <testcase name="transfereParaContaDestinoNulaCC" classname="br.com.jaque.banco.bajax.test.ContaTest" time="0"/>
  <testcase name="transfereParaContaDestinoNulaCP" classname="br.com.jaque.banco.bajax.test.ContaTest" time="0"/>
  <testcase name="transfereDeContaInativaCC" classname="br.com.jaque.banco.bajax.test.ContaTest" time="0"/>
  <testcase name="transfereDeContaInativaCP" classname="br.com.jaque.banco.bajax.test.ContaTest" time="0"/>
</testsuite>